{"C:\\Users\\earth\\source\\repos\\COMP367-Group5\\auth-micro-backend\\schema.js": {"path":"C:\\Users\\earth\\source\\repos\\COMP367-Group5\\auth-micro-backend\\schema.js","statementMap":{"0":{"start":{"line":1,"column":60},"end":{"line":1,"column":78}},"1":{"start":{"line":2,"column":13},"end":{"line":2,"column":37}},"2":{"start":{"line":3,"column":15},"end":{"line":3,"column":34}},"3":{"start":{"line":4,"column":12},"end":{"line":4,"column":35}},"4":{"start":{"line":6,"column":18},"end":{"line":16,"column":2}},"5":{"start":{"line":12,"column":16},"end":{"line":12,"column":54}},"6":{"start":{"line":17,"column":21},"end":{"line":89,"column":2}},"7":{"start":{"line":28,"column":16},"end":{"line":43,"column":17}},"8":{"start":{"line":30,"column":20},"end":{"line":32,"column":21}},"9":{"start":{"line":31,"column":24},"end":{"line":31,"column":96}},"10":{"start":{"line":34,"column":43},"end":{"line":34,"column":74}},"11":{"start":{"line":36,"column":33},"end":{"line":36,"column":88}},"12":{"start":{"line":37,"column":20},"end":{"line":37,"column":38}},"13":{"start":{"line":38,"column":20},"end":{"line":38,"column":59}},"14":{"start":{"line":39,"column":20},"end":{"line":39,"column":59}},"15":{"start":{"line":41,"column":20},"end":{"line":41,"column":78}},"16":{"start":{"line":42,"column":20},"end":{"line":42,"column":72}},"17":{"start":{"line":53,"column":29},"end":{"line":53,"column":58}},"18":{"start":{"line":54,"column":16},"end":{"line":54,"column":61}},"19":{"start":{"line":54,"column":27},"end":{"line":54,"column":61}},"20":{"start":{"line":56,"column":32},"end":{"line":56,"column":77}},"21":{"start":{"line":57,"column":16},"end":{"line":57,"column":69}},"22":{"start":{"line":57,"column":30},"end":{"line":57,"column":69}},"23":{"start":{"line":59,"column":16},"end":{"line":59,"column":79}},"24":{"start":{"line":60,"column":16},"end":{"line":60,"column":98}},"25":{"start":{"line":69,"column":16},"end":{"line":69,"column":64}},"26":{"start":{"line":69,"column":28},"end":{"line":69,"column":64}},"27":{"start":{"line":71,"column":16},"end":{"line":84,"column":17}},"28":{"start":{"line":72,"column":20},"end":{"line":72,"column":58}},"29":{"start":{"line":74,"column":36},"end":{"line":74,"column":77}},"30":{"start":{"line":75,"column":20},"end":{"line":75,"column":59}},"31":{"start":{"line":77,"column":33},"end":{"line":77,"column":68}},"32":{"start":{"line":78,"column":20},"end":{"line":78,"column":65}},"33":{"start":{"line":78,"column":31},"end":{"line":78,"column":65}},"34":{"start":{"line":80,"column":20},"end":{"line":80,"column":71}},"35":{"start":{"line":82,"column":20},"end":{"line":82,"column":79}},"36":{"start":{"line":83,"column":20},"end":{"line":83,"column":53}},"37":{"start":{"line":91,"column":0},"end":{"line":94,"column":3}}},"fnMap":{"0":{"name":"(anonymous_0)","decl":{"start":{"line":11,"column":12},"end":{"line":11,"column":13}},"loc":{"start":{"line":11,"column":22},"end":{"line":13,"column":13}},"line":11},"1":{"name":"(anonymous_1)","decl":{"start":{"line":27,"column":12},"end":{"line":27,"column":13}},"loc":{"start":{"line":27,"column":60},"end":{"line":44,"column":13}},"line":27},"2":{"name":"(anonymous_2)","decl":{"start":{"line":52,"column":12},"end":{"line":52,"column":13}},"loc":{"start":{"line":52,"column":50},"end":{"line":61,"column":13}},"line":52},"3":{"name":"(anonymous_3)","decl":{"start":{"line":68,"column":12},"end":{"line":68,"column":13}},"loc":{"start":{"line":68,"column":40},"end":{"line":85,"column":13}},"line":68}},"branchMap":{"0":{"loc":{"start":{"line":30,"column":20},"end":{"line":32,"column":21}},"type":"if","locations":[{"start":{"line":30,"column":20},"end":{"line":32,"column":21}},{"start":{},"end":{}}],"line":30},"1":{"loc":{"start":{"line":30,"column":24},"end":{"line":30,"column":56}},"type":"binary-expr","locations":[{"start":{"line":30,"column":24},"end":{"line":30,"column":33}},{"start":{"line":30,"column":37},"end":{"line":30,"column":43}},{"start":{"line":30,"column":47},"end":{"line":30,"column":56}}],"line":30},"2":{"loc":{"start":{"line":54,"column":16},"end":{"line":54,"column":61}},"type":"if","locations":[{"start":{"line":54,"column":16},"end":{"line":54,"column":61}},{"start":{},"end":{}}],"line":54},"3":{"loc":{"start":{"line":57,"column":16},"end":{"line":57,"column":69}},"type":"if","locations":[{"start":{"line":57,"column":16},"end":{"line":57,"column":69}},{"start":{},"end":{}}],"line":57},"4":{"loc":{"start":{"line":69,"column":16},"end":{"line":69,"column":64}},"type":"if","locations":[{"start":{"line":69,"column":16},"end":{"line":69,"column":64}},{"start":{},"end":{}}],"line":69},"5":{"loc":{"start":{"line":78,"column":20},"end":{"line":78,"column":65}},"type":"if","locations":[{"start":{"line":78,"column":20},"end":{"line":78,"column":65}},{"start":{},"end":{}}],"line":78}},"s":{"0":1,"1":1,"2":1,"3":1,"4":1,"5":0,"6":1,"7":2,"8":2,"9":1,"10":1,"11":1,"12":1,"13":0,"14":0,"15":2,"16":2,"17":1,"18":1,"19":1,"20":0,"21":0,"22":0,"23":0,"24":0,"25":0,"26":0,"27":0,"28":0,"29":0,"30":0,"31":0,"32":0,"33":0,"34":0,"35":0,"36":0,"37":1},"f":{"0":0,"1":2,"2":1,"3":0},"b":{"0":[1,1],"1":[2,2,2],"2":[1,0],"3":[0,0],"4":[0,0],"5":[0,0]},"_coverageSchema":"1a1c01bbd47fc00a2c39e90264f33305004495a9","hash":"e81c3e30b6e1b184b8d97d3c3b4c377b9002ee3d"}
,"C:\\Users\\earth\\source\\repos\\COMP367-Group5\\auth-micro-backend\\server.js": {"path":"C:\\Users\\earth\\source\\repos\\COMP367-Group5\\auth-micro-backend\\server.js","statementMap":{"0":{"start":{"line":1,"column":16},"end":{"line":1,"column":34}},"1":{"start":{"line":2,"column":17},"end":{"line":2,"column":36}},"2":{"start":{"line":3,"column":24},"end":{"line":3,"column":50}},"3":{"start":{"line":4,"column":15},"end":{"line":4,"column":34}},"4":{"start":{"line":5,"column":0},"end":{"line":5,"column":27}},"5":{"start":{"line":7,"column":12},"end":{"line":7,"column":21}},"6":{"start":{"line":8,"column":0},"end":{"line":8,"column":27}},"7":{"start":{"line":9,"column":0},"end":{"line":9,"column":24}},"8":{"start":{"line":11,"column":0},"end":{"line":13,"column":67}},"9":{"start":{"line":12,"column":16},"end":{"line":12,"column":48}},"10":{"start":{"line":13,"column":18},"end":{"line":13,"column":65}},"11":{"start":{"line":15,"column":0},"end":{"line":18,"column":4}},"12":{"start":{"line":21,"column":0},"end":{"line":21,"column":21}},"13":{"start":{"line":24,"column":0},"end":{"line":28,"column":1}},"14":{"start":{"line":25,"column":4},"end":{"line":27,"column":7}},"15":{"start":{"line":26,"column":8},"end":{"line":26,"column":72}}},"fnMap":{"0":{"name":"(anonymous_0)","decl":{"start":{"line":12,"column":10},"end":{"line":12,"column":11}},"loc":{"start":{"line":12,"column":16},"end":{"line":12,"column":48}},"line":12},"1":{"name":"(anonymous_1)","decl":{"start":{"line":13,"column":11},"end":{"line":13,"column":12}},"loc":{"start":{"line":13,"column":18},"end":{"line":13,"column":65}},"line":13},"2":{"name":"(anonymous_2)","decl":{"start":{"line":25,"column":21},"end":{"line":25,"column":22}},"loc":{"start":{"line":25,"column":27},"end":{"line":27,"column":5}},"line":25}},"branchMap":{"0":{"loc":{"start":{"line":24,"column":0},"end":{"line":28,"column":1}},"type":"if","locations":[{"start":{"line":24,"column":0},"end":{"line":28,"column":1}},{"start":{},"end":{}}],"line":24}},"s":{"0":1,"1":1,"2":1,"3":1,"4":1,"5":1,"6":1,"7":1,"8":1,"9":1,"10":0,"11":1,"12":1,"13":1,"14":0,"15":0},"f":{"0":1,"1":0,"2":0},"b":{"0":[0,1]},"_coverageSchema":"1a1c01bbd47fc00a2c39e90264f33305004495a9","hash":"ef7c044a5493d4ba402d183d1284b9f30d650cc8"}
,"C:\\Users\\earth\\source\\repos\\COMP367-Group5\\auth-micro-backend\\models\\User.js": {"path":"C:\\Users\\earth\\source\\repos\\COMP367-Group5\\auth-micro-backend\\models\\User.js","statementMap":{"0":{"start":{"line":1,"column":17},"end":{"line":1,"column":36}},"1":{"start":{"line":3,"column":19},"end":{"line":7,"column":2}},"2":{"start":{"line":9,"column":0},"end":{"line":9,"column":52}}},"fnMap":{},"branchMap":{},"s":{"0":1,"1":1,"2":1},"f":{},"b":{},"_coverageSchema":"1a1c01bbd47fc00a2c39e90264f33305004495a9","hash":"cb8e2e26dda4e3f25e379d8cbab8b34d4c1e2447"}
}
